<?xml version="1.0" encoding="UTF-8"?>
<!-- Generated by org.testng.reporters.JUnitXMLReporter -->
<testsuite hostname="L206-SRajendran" ignored="4" name="Default test" tests="1" failures="1" timestamp="2021-12-18T21:58:21 IST" time="0.048" errors="0">
  <testcase name="credential" time="0.0" classname="clickacdamey.mavn.Orangelogin">
    <failure type="org.testng.TestNGException" message="
Parameter &amp;apos;Username&amp;apos; is required by @Test on method credential but has not been marked @Optional or defined
in C:\Users\srajendran\AppData\Local\Temp\testng-eclipse-1764138902\testng-customsuite.xml">
      <![CDATA[org.testng.TestNGException: 
Parameter 'Username' is required by @Test on method credential but has not been marked @Optional or defined
in C:\Users\srajendran\AppData\Local\Temp\testng-eclipse-1764138902\testng-customsuite.xml
at org.testng.internal.Parameters.createParams(Parameters.java:272)
at org.testng.internal.Parameters.createParametersForMethod(Parameters.java:360)
at org.testng.internal.Parameters.createParameters(Parameters.java:704)
at org.testng.internal.Parameters.handleParameters(Parameters.java:879)
at org.testng.internal.Parameters.handleParameters(Parameters.java:744)
at org.testng.internal.ParameterHandler.handleParameters(ParameterHandler.java:59)
at org.testng.internal.ParameterHandler.createParameters(ParameterHandler.java:38)
at org.testng.internal.TestInvoker$MethodInvocationAgent.invoke(TestInvoker.java:783)
at org.testng.internal.TestInvoker.invokeTestMethods(TestInvoker.java:146)
at org.testng.internal.TestMethodWorker.invokeTestMethods(TestMethodWorker.java:146)
at org.testng.internal.TestMethodWorker.run(TestMethodWorker.java:128)
at java.util.ArrayList.forEach(Unknown Source)
at org.testng.TestRunner.privateRun(TestRunner.java:766)
at org.testng.TestRunner.run(TestRunner.java:587)
at org.testng.SuiteRunner.runTest(SuiteRunner.java:384)
at org.testng.SuiteRunner.runSequentially(SuiteRunner.java:378)
at org.testng.SuiteRunner.privateRun(SuiteRunner.java:337)
at org.testng.SuiteRunner.run(SuiteRunner.java:286)
at org.testng.SuiteRunnerWorker.runSuite(SuiteRunnerWorker.java:53)
at org.testng.SuiteRunnerWorker.run(SuiteRunnerWorker.java:96)
at org.testng.TestNG.runSuitesSequentially(TestNG.java:1187)
at org.testng.TestNG.runSuitesLocally(TestNG.java:1109)
at org.testng.TestNG.runSuites(TestNG.java:1039)
at org.testng.TestNG.run(TestNG.java:1007)
at org.testng.remote.AbstractRemoteTestNG.run(AbstractRemoteTestNG.java:115)
at org.testng.remote.RemoteTestNG.initAndRun(RemoteTestNG.java:251)
at org.testng.remote.RemoteTestNG.main(RemoteTestNG.java:77)
]]>
    </failure>
  </testcase> <!-- credential -->
  <testcase name="personalDetails" time="0.0" classname="clickacdamey.mavn.Orangelogin">
    <ignored/>
  </testcase> <!-- personalDetails -->
  <testcase name="landingurl" time="0.0" classname="clickacdamey.mavn.Orangelogin">
    <ignored/>
  </testcase> <!-- landingurl -->
  <testcase name="myinfo" time="0.0" classname="clickacdamey.mavn.Orangelogin">
    <ignored/>
  </testcase> <!-- myinfo -->
  <testcase name="intializebrowser" time="0.0" classname="clickacdamey.mavn.Orangelogin">
    <ignored/>
  </testcase> <!-- intializebrowser -->
</testsuite> <!-- Default test -->
